2022/04/25 15:46:58 [notice] 29668#3488: sockinit() attempting to access sockapi
2022/04/25 15:46:58 [notice] 29668#3488: Access to sockapi succeded!
2022/04/25 15:46:58 [notice] 29668#3488: using sockapi from "4;140;"
2022/04/25 15:46:58 [notice] 21216#22896: sockinit() attempting to access sockapi
2022/04/25 15:46:58 [notice] 21216#22896: Access to sockapi succeded!
2022/04/25 15:46:58 [notice] 21216#22896: using sockapi from "4;8;"
2022/04/25 15:47:31 [notice] 29520#19384: sockinit() attempting to access sockapi
2022/04/25 15:47:31 [notice] 29520#19384: Access to sockapi succeded!
2022/04/25 15:47:31 [notice] 29520#19384: using sockapi from "4;148;"
2022/04/25 15:47:32 [notice] 27836#24224: sockinit() attempting to access sockapi
2022/04/25 15:47:32 [notice] 27836#24224: Access to sockapi succeded!
2022/04/25 15:47:32 [notice] 27836#24224: using sockapi from "4;8;"
2022/04/25 15:47:42 [notice] 2472#29020: sockinit() attempting to access sockapi
2022/04/25 15:47:42 [notice] 2472#29020: Access to sockapi succeded!
2022/04/25 15:47:42 [notice] 2472#29020: using sockapi from "4;148;"
2022/04/25 15:47:42 [notice] 12092#14476: sockinit() attempting to access sockapi
2022/04/25 15:47:42 [notice] 12092#14476: Access to sockapi succeded!
2022/04/25 15:47:42 [notice] 12092#14476: using sockapi from "4;8;"
2022/04/25 15:53:05 [notice] 22948#28688: sockinit() attempting to access sockapi
2022/04/25 15:53:05 [notice] 22948#28688: Access to sockapi succeded!
2022/04/25 15:53:05 [notice] 22948#28688: using sockapi from "4;136;"
2022/04/25 15:53:06 [notice] 21180#23844: sockinit() attempting to access sockapi
2022/04/25 15:53:06 [notice] 21180#23844: Access to sockapi succeded!
2022/04/25 15:53:06 [notice] 21180#23844: using sockapi from "4;8;"
2022/04/25 16:05:24 [notice] 26952#11732: sockinit() attempting to access sockapi
2022/04/25 16:05:24 [notice] 26952#11732: Access to sockapi succeded!
2022/04/25 16:05:24 [notice] 26952#11732: using sockapi from "4;8;"
2022/04/25 16:05:26 [notice] 13668#20784: sockinit() attempting to access sockapi
2022/04/25 16:05:26 [notice] 13668#20784: Access to sockapi succeded!
2022/04/25 16:05:26 [notice] 13668#20784: using sockapi from "4;8;"
2022/04/25 16:37:17 [notice] 28120#21128: sockinit() attempting to access sockapi
2022/04/25 16:37:17 [notice] 28120#21128: Access to sockapi succeded!
2022/04/25 16:37:17 [notice] 28120#21128: using sockapi from "4;148;"
2022/04/25 16:37:17 [notice] 28588#4260: sockinit() attempting to access sockapi
2022/04/25 16:37:17 [notice] 28588#4260: Access to sockapi succeded!
2022/04/25 16:37:17 [notice] 28588#4260: using sockapi from "4;8;"
2022/04/25 16:38:51 [notice] 3384#4240: sockinit() attempting to access sockapi
2022/04/25 16:38:51 [notice] 3384#4240: Access to sockapi succeded!
2022/04/25 16:38:51 [notice] 3384#4240: using sockapi from "4;80;"
2022/04/25 16:38:51 [notice] 17944#21676: sockinit() attempting to access sockapi
2022/04/25 16:38:51 [notice] 17944#21676: Access to sockapi succeded!
2022/04/25 16:38:51 [notice] 17944#21676: using sockapi from "4;8;"
2022/04/25 16:43:07 [notice] 24868#3964: signal process started (reload)
2022/04/25 16:43:08 [notice] 17316#18656: sockinit() attempting to access sockapi
2022/04/25 16:43:08 [notice] 17316#18656: Access to sockapi succeded!
2022/04/25 16:43:08 [notice] 17316#18656: using sockapi from "4;8;"
2022/04/25 16:43:08 [notice] 1988#15692: sockinit() attempting to access sockapi
2022/04/25 16:43:08 [notice] 1988#15692: Access to sockapi succeded!
2022/04/25 16:43:08 [notice] 1988#15692: using sockapi from "4;8;"
2022/04/25 16:43:29 [notice] 17236#1884: sockinit() attempting to access sockapi
2022/04/25 16:43:29 [notice] 17236#1884: Access to sockapi succeded!
2022/04/25 16:43:29 [notice] 17236#1884: using sockapi from "4;8;"
2022/04/25 16:43:31 [notice] 17636#25424: sockinit() attempting to access sockapi
2022/04/25 16:43:31 [notice] 17636#25424: Access to sockapi succeded!
2022/04/25 16:43:31 [notice] 17636#25424: using sockapi from "4;8;"
2022/04/25 16:43:32 [notice] 11420#7964: sockinit() attempting to access sockapi
2022/04/25 16:43:32 [notice] 11420#7964: Access to sockapi succeded!
2022/04/25 16:43:32 [notice] 11420#7964: using sockapi from "4;8;"
2022/04/25 16:43:34 [notice] 22220#22612: sockinit() attempting to access sockapi
2022/04/25 16:43:34 [notice] 22220#22612: Access to sockapi succeded!
2022/04/25 16:43:34 [notice] 22220#22612: using sockapi from "4;8;"
2022/04/25 16:43:36 [notice] 19600#8908: sockinit() attempting to access sockapi
2022/04/25 16:43:36 [notice] 19600#8908: Access to sockapi succeded!
2022/04/25 16:43:36 [notice] 19600#8908: using sockapi from "4;8;"
2022/04/25 16:43:37 [notice] 25256#27864: sockinit() attempting to access sockapi
2022/04/25 16:43:37 [notice] 25256#27864: Access to sockapi succeded!
2022/04/25 16:43:37 [notice] 25256#27864: using sockapi from "4;8;"
2022/04/25 16:43:38 [notice] 24376#17296: sockinit() attempting to access sockapi
2022/04/25 16:43:38 [notice] 24376#17296: Access to sockapi succeded!
2022/04/25 16:43:38 [notice] 24376#17296: using sockapi from "4;8;"
2022/04/25 16:43:40 [notice] 1112#21736: sockinit() attempting to access sockapi
2022/04/25 16:43:40 [notice] 1112#21736: Access to sockapi succeded!
2022/04/25 16:43:40 [notice] 1112#21736: using sockapi from "4;8;"
2022/04/25 16:43:41 [notice] 8024#25536: sockinit() attempting to access sockapi
2022/04/25 16:43:41 [notice] 8024#25536: Access to sockapi succeded!
2022/04/25 16:43:41 [notice] 8024#25536: using sockapi from "4;8;"
2022/04/25 16:43:43 [notice] 21044#22040: sockinit() attempting to access sockapi
2022/04/25 16:43:43 [notice] 21044#22040: Access to sockapi succeded!
2022/04/25 16:43:43 [notice] 21044#22040: using sockapi from "4;8;"
2022/04/25 16:43:45 [notice] 14388#20256: sockinit() attempting to access sockapi
2022/04/25 16:43:45 [notice] 14388#20256: Access to sockapi succeded!
2022/04/25 16:43:45 [notice] 14388#20256: using sockapi from "4;8;"
2022/04/25 16:43:47 [notice] 11428#19604: sockinit() attempting to access sockapi
2022/04/25 16:43:47 [notice] 11428#19604: Access to sockapi succeded!
2022/04/25 16:43:47 [notice] 11428#19604: using sockapi from "4;8;"
2022/04/25 16:43:55 [notice] 16340#15864: sockinit() attempting to access sockapi
2022/04/25 16:43:55 [notice] 16340#15864: Access to sockapi succeded!
2022/04/25 16:43:55 [notice] 16340#15864: using sockapi from "4;8;"
2022/04/25 16:43:57 [notice] 25548#28352: sockinit() attempting to access sockapi
2022/04/25 16:43:57 [notice] 25548#28352: Access to sockapi succeded!
2022/04/25 16:43:57 [notice] 25548#28352: using sockapi from "4;8;"
2022/04/25 16:43:58 [notice] 11384#13100: sockinit() attempting to access sockapi
2022/04/25 16:43:58 [notice] 11384#13100: Access to sockapi succeded!
2022/04/25 16:43:58 [notice] 11384#13100: using sockapi from "4;8;"
2022/04/25 16:43:58 [notice] 20032#29408: sockinit() attempting to access sockapi
2022/04/25 16:43:58 [notice] 20032#29408: Access to sockapi succeded!
2022/04/25 16:43:58 [notice] 20032#29408: using sockapi from "4;8;"
2022/04/25 16:44:03 [notice] 29220#28716: sockinit() attempting to access sockapi
2022/04/25 16:44:03 [notice] 29220#28716: Access to sockapi succeded!
2022/04/25 16:44:03 [notice] 29220#28716: using sockapi from "4;8;"
2022/04/25 16:44:05 [notice] 26224#27052: sockinit() attempting to access sockapi
2022/04/25 16:44:05 [notice] 26224#27052: Access to sockapi succeded!
2022/04/25 16:44:05 [notice] 26224#27052: using sockapi from "4;8;"
2022/04/25 16:44:06 [notice] 24672#18580: sockinit() attempting to access sockapi
2022/04/25 16:44:06 [notice] 24672#18580: Access to sockapi succeded!
2022/04/25 16:44:06 [notice] 24672#18580: using sockapi from "4;8;"
2022/04/25 16:47:49 [notice] 19036#25624: sockinit() attempting to access sockapi
2022/04/25 16:47:49 [notice] 19036#25624: Access to sockapi succeded!
2022/04/25 16:47:49 [notice] 19036#25624: using sockapi from "4;80;"
2022/04/25 16:47:49 [notice] 16592#20980: sockinit() attempting to access sockapi
2022/04/25 16:47:49 [notice] 16592#20980: Access to sockapi succeded!
2022/04/25 16:47:49 [notice] 16592#20980: using sockapi from "4;8;"
2022/04/25 16:49:26 [notice] 23780#28900: sockinit() attempting to access sockapi
2022/04/25 16:49:26 [notice] 23780#28900: Access to sockapi succeded!
2022/04/25 16:49:26 [notice] 23780#28900: using sockapi from "4;8;"
2022/04/25 16:49:28 [notice] 22600#9300: sockinit() attempting to access sockapi
2022/04/25 16:49:28 [notice] 22600#9300: Access to sockapi succeded!
2022/04/25 16:49:28 [notice] 22600#9300: using sockapi from "4;8;"
2022/04/25 16:54:15 [notice] 23504#17656: Fatal: wait for sockapi failed
2022/04/25 16:54:40 [notice] 25272#14088: sockinit() attempting to access sockapi
2022/04/25 16:54:40 [notice] 25272#14088: Access to sockapi succeded!
2022/04/25 16:54:40 [notice] 25272#14088: using sockapi from "4;76;"
2022/04/25 16:54:41 [notice] 23364#10084: sockinit() attempting to access sockapi
2022/04/25 16:54:41 [notice] 23364#10084: Access to sockapi succeded!
2022/04/25 16:54:41 [notice] 23364#10084: using sockapi from "4;8;"
2022/04/25 16:55:42 [notice] 26308#11096: sockinit() attempting to access sockapi
2022/04/25 16:55:42 [notice] 26308#11096: Access to sockapi succeded!
2022/04/25 16:55:42 [notice] 26308#11096: using sockapi from "4;148;"
2022/04/25 16:55:42 [notice] 26216#20496: sockinit() attempting to access sockapi
2022/04/25 16:55:42 [notice] 26216#20496: Access to sockapi succeded!
2022/04/25 16:55:42 [notice] 26216#20496: using sockapi from "4;8;"
2022/04/25 16:55:58 [notice] 20808#10476: sockinit() attempting to access sockapi
2022/04/25 16:55:58 [notice] 20808#10476: Access to sockapi succeded!
2022/04/25 16:55:58 [notice] 20808#10476: using sockapi from "4;144;"
2022/04/25 16:55:58 [notice] 27224#13780: sockinit() attempting to access sockapi
2022/04/25 16:55:58 [notice] 27224#13780: Access to sockapi succeded!
2022/04/25 16:55:58 [notice] 27224#13780: using sockapi from "4;8;"
2022/04/25 17:10:40 [notice] 19536#11292: sockinit() attempting to access sockapi
2022/04/25 17:10:40 [notice] 19536#11292: Access to sockapi succeded!
2022/04/25 17:10:40 [notice] 19536#11292: using sockapi from "4;144;"
2022/04/25 17:10:41 [notice] 21164#20628: sockinit() attempting to access sockapi
2022/04/25 17:10:41 [notice] 21164#20628: Access to sockapi succeded!
2022/04/25 17:10:41 [notice] 21164#20628: using sockapi from "4;8;"
2022/04/25 17:32:58 [notice] 25596#11304: sockinit() attempting to access sockapi
2022/04/25 17:32:58 [notice] 25596#11304: Access to sockapi succeded!
2022/04/25 17:32:58 [notice] 25596#11304: using sockapi from "4;144;"
2022/04/25 17:32:58 [notice] 21104#21268: sockinit() attempting to access sockapi
2022/04/25 17:32:58 [notice] 21104#21268: Access to sockapi succeded!
2022/04/25 17:32:58 [notice] 21104#21268: using sockapi from "4;8;"
2022/04/25 17:33:32 [notice] 28760#12912: sockinit() attempting to access sockapi
2022/04/25 17:33:32 [notice] 28760#12912: Access to sockapi succeded!
2022/04/25 17:33:32 [notice] 28760#12912: using sockapi from "4;144;"
2022/04/25 17:33:32 [notice] 17172#28528: sockinit() attempting to access sockapi
2022/04/25 17:33:32 [notice] 17172#28528: Access to sockapi succeded!
2022/04/25 17:33:32 [notice] 17172#28528: using sockapi from "4;8;"
2022/04/25 17:53:10 [notice] 2872#23972: sockinit() attempting to access sockapi
2022/04/25 17:53:10 [notice] 2872#23972: Access to sockapi succeded!
2022/04/25 17:53:10 [notice] 2872#23972: using sockapi from "4;148;"
2022/04/25 17:53:10 [notice] 25936#28380: sockinit() attempting to access sockapi
2022/04/25 17:53:10 [notice] 25936#28380: Access to sockapi succeded!
2022/04/25 17:53:10 [notice] 25936#28380: using sockapi from "4;8;"
2022/04/25 17:53:35 [notice] 27080#24544: sockinit() attempting to access sockapi
2022/04/25 17:53:35 [notice] 27080#24544: Access to sockapi succeded!
2022/04/25 17:53:35 [notice] 27080#24544: using sockapi from "4;152;"
2022/04/25 17:53:35 [notice] 20208#18336: sockinit() attempting to access sockapi
2022/04/25 17:53:35 [notice] 20208#18336: Access to sockapi succeded!
2022/04/25 17:53:35 [notice] 20208#18336: using sockapi from "4;8;"
2022/04/25 17:54:43 [notice] 18200#20012: sockinit() attempting to access sockapi
2022/04/25 17:54:43 [notice] 18200#20012: Access to sockapi succeded!
2022/04/25 17:54:43 [notice] 18200#20012: using sockapi from "4;144;"
2022/04/25 17:54:44 [notice] 19724#13012: sockinit() attempting to access sockapi
2022/04/25 17:54:44 [notice] 19724#13012: Access to sockapi succeded!
2022/04/25 17:54:44 [notice] 19724#13012: using sockapi from "4;8;"
2022/04/25 17:55:10 [notice] 1696#25144: sockinit() attempting to access sockapi
2022/04/25 17:55:10 [notice] 1696#25144: Access to sockapi succeded!
2022/04/25 17:55:10 [notice] 1696#25144: using sockapi from "4;148;"
2022/04/25 17:55:10 [notice] 27428#18744: sockinit() attempting to access sockapi
2022/04/25 17:55:10 [notice] 27428#18744: Access to sockapi succeded!
2022/04/25 17:55:10 [notice] 27428#18744: using sockapi from "4;8;"
2022/04/25 17:57:00 [notice] 25700#27108: sockinit() attempting to access sockapi
2022/04/25 17:57:00 [notice] 25700#27108: Access to sockapi succeded!
2022/04/25 17:57:00 [notice] 25700#27108: using sockapi from "4;148;"
2022/04/25 17:57:00 [notice] 15536#10848: sockinit() attempting to access sockapi
2022/04/25 17:57:00 [notice] 15536#10848: Access to sockapi succeded!
2022/04/25 17:57:00 [notice] 15536#10848: using sockapi from "4;8;"
2022/04/25 17:58:49 [notice] 16556#27096: sockinit() attempting to access sockapi
2022/04/25 17:58:49 [notice] 16556#27096: Access to sockapi succeded!
2022/04/25 17:58:49 [notice] 16556#27096: using sockapi from "4;144;"
2022/04/25 17:58:49 [notice] 26364#29116: sockinit() attempting to access sockapi
2022/04/25 17:58:49 [notice] 26364#29116: Access to sockapi succeded!
2022/04/25 17:58:49 [notice] 26364#29116: using sockapi from "4;8;"
2022/04/26 18:19:37 [emerg] 20380#25324: directive "push" is not terminated by ";" in C:\Users\NightStranger\Desktop\From Main\Works\Restreamer\server/conf/nginx.conf:44
2022/04/26 18:23:52 [emerg] 16252#22088: directive "push" is not terminated by ";" in C:\Users\NightStranger\Desktop\From Main\Works\Restreamer\server/conf/nginx.conf:44
2022/04/26 18:26:48 [emerg] 4520#10136: directive "push" is not terminated by ";" in C:\Users\NightStranger\Desktop\From Main\Works\Restreamer\server/conf/nginx.conf:44
2022/04/26 18:27:01 [emerg] 1308#28976: directive "push" is not terminated by ";" in C:\Users\NightStranger\Desktop\From Main\Works\Restreamer\server/conf/nginx.conf:44
2022/04/26 18:27:10 [emerg] 15872#13664: directive "push" is not terminated by ";" in C:\Users\NightStranger\Desktop\From Main\Works\Restreamer\server/conf/nginx.conf:44
2022/04/26 18:27:18 [emerg] 7256#21368: directive "push" is not terminated by ";" in C:\Users\NightStranger\Desktop\From Main\Works\Restreamer\server/conf/nginx.conf:44
2022/04/26 18:27:26 [emerg] 1424#23204: directive "push" is not terminated by ";" in C:\Users\NightStranger\Desktop\From Main\Works\Restreamer\server/conf/nginx.conf:45
2022/04/26 18:27:34 [notice] 20536#22856: sockinit() attempting to access sockapi
2022/04/26 18:27:34 [notice] 20536#22856: Access to sockapi succeded!
2022/04/26 18:27:34 [notice] 20536#22856: using sockapi from "4;152;"
2022/04/26 18:27:34 [notice] 16308#20236: sockinit() attempting to access sockapi
2022/04/26 18:27:34 [notice] 16308#20236: Access to sockapi succeded!
2022/04/26 18:27:34 [notice] 16308#20236: using sockapi from "4;8;"
2022/04/26 18:28:22 [notice] 19136#19648: sockinit() attempting to access sockapi
2022/04/26 18:28:22 [notice] 19136#19648: Access to sockapi succeded!
2022/04/26 18:28:22 [notice] 19136#19648: using sockapi from "4;8;"
2022/04/26 18:28:23 [notice] 4984#29628: sockinit() attempting to access sockapi
2022/04/26 18:28:23 [notice] 4984#29628: Access to sockapi succeded!
2022/04/26 18:28:23 [notice] 4984#29628: using sockapi from "4;8;"
2022/04/26 18:28:25 [notice] 19972#29640: sockinit() attempting to access sockapi
2022/04/26 18:28:25 [notice] 19972#29640: Access to sockapi succeded!
2022/04/26 18:28:25 [notice] 19972#29640: using sockapi from "4;8;"
2022/04/26 18:28:56 [notice] 9664#29548: sockinit() attempting to access sockapi
2022/04/26 18:28:56 [notice] 9664#29548: Access to sockapi succeded!
2022/04/26 18:28:56 [notice] 9664#29548: using sockapi from "4;84;"
2022/04/26 18:28:56 [notice] 17228#308: sockinit() attempting to access sockapi
2022/04/26 18:28:56 [notice] 17228#308: Access to sockapi succeded!
2022/04/26 18:28:56 [notice] 17228#308: using sockapi from "4;8;"
2022/04/26 18:29:12 [error] 9664#19160: *1 CreateFile() "C:\Users\NightStranger\Desktop\From Main\Works\Restreamer\server/html/favicon.ico" failed (2: The system cannot find the file specified), client: 127.0.0.1, server: localhost, request: "GET /favicon.ico HTTP/1.1", host: "localhost", referrer: "http://localhost/"
2022/04/26 18:30:39 [notice] 15084#28684: sockinit() attempting to access sockapi
2022/04/26 18:30:39 [notice] 15084#28684: Access to sockapi succeded!
2022/04/26 18:30:39 [notice] 15084#28684: using sockapi from "4;72;"
2022/04/26 18:30:39 [notice] 13228#28904: sockinit() attempting to access sockapi
2022/04/26 18:30:39 [notice] 13228#28904: Access to sockapi succeded!
2022/04/26 18:30:39 [notice] 13228#28904: using sockapi from "4;8;"
2022/04/26 18:38:08 [notice] 27720#16608: sockinit() attempting to access sockapi
2022/04/26 18:38:08 [notice] 27720#16608: Access to sockapi succeded!
2022/04/26 18:38:08 [notice] 27720#16608: using sockapi from "4;72;"
2022/04/26 18:38:08 [notice] 22580#22632: sockinit() attempting to access sockapi
2022/04/26 18:38:08 [notice] 22580#22632: Access to sockapi succeded!
2022/04/26 18:38:08 [notice] 22580#22632: using sockapi from "4;8;"
